app/build/outputs/logs/manifest-merger-debug-report.txt
-- Merging decision tree log ---
manifest
ADDED from src\main\AndroidManifest.xml:2:1-86:12
	package
		ADDED from src\main\AndroidManifest.xml:3:5-39
		INJECTED from src\main\AndroidManifest.xml
		INJECTED from src\main\AndroidManifest.xml
	android:versionName
		ADDED from src\main\AndroidManifest.xml:5:5-30
	android:versionCode
		ADDED from src\main\AndroidManifest.xml:4:5-28
		INJECTED from src\main\AndroidManifest.xml
		INJECTED from src\main\AndroidManifest.xml
	xmlns:android
		ADDED from src\main\AndroidManifest.xml:2:11-69
uses-sdk
ADDED from src\main\AndroidManifest.xml:7:5-9:41
MERGED from [com.android.support:support-v4:21.0.3] AndroidManifest.xml:15:5-42
MERGED from [com.android.support:appcompat-v7:21.0.3] AndroidManifest.xml:15:5-42
MERGED from [com.android.support:support-v4:21.0.3] AndroidManifest.xml:15:5-42
	android:targetSdkVersion
		ADDED from src\main\AndroidManifest.xml:9:9-38
		INJECTED from src\main\AndroidManifest.xml
		INJECTED from src\main\AndroidManifest.xml
	android:minSdkVersion
		ADDED from src\main\AndroidManifest.xml:8:9-35
		INJECTED from src\main\AndroidManifest.xml
		INJECTED from src\main\AndroidManifest.xml
uses-permission#android.permission.INTERNET
ADDED from src\main\AndroidManifest.xml:11:5-67
	android:name
		ADDED from src\main\AndroidManifest.xml:11:22-64
uses-permission#android.permission.WRITE_EXTERNAL_STORAGE
ADDED from src\main\AndroidManifest.xml:12:5-81
	android:name
		ADDED from src\main\AndroidManifest.xml:12:22-78
uses-permission#android.permission.READ_EXTERNAL_STORAGE
ADDED from src\main\AndroidManifest.xml:13:5-80
	android:name
		ADDED from src\main\AndroidManifest.xml:13:22-77
uses-permission#android.permission.READ_PHONE_STATE
ADDED from src\main\AndroidManifest.xml:14:5-75
	android:name
		ADDED from src\main\AndroidManifest.xml:14:22-72
uses-permission#android.permission.USE_CREDENTIALS
ADDED from src\main\AndroidManifest.xml:15:5-74
	android:name
		ADDED from src\main\AndroidManifest.xml:15:22-71
uses-permission#android.permission.SET_ALARM
ADDED from src\main\AndroidManifest.xml:16:5-68
	android:name
		ADDED from src\main\AndroidManifest.xml:16:22-65
uses-permission#android.permission.SEND_SMS
ADDED from src\main\AndroidManifest.xml:17:5-67
	android:name
		ADDED from src\main\AndroidManifest.xml:17:22-64
uses-permission#android.permission.GET_ACCOUNTS
ADDED from src\main\AndroidManifest.xml:20:5-71
	android:name
		ADDED from src\main\AndroidManifest.xml:20:22-68
uses-permission#android.permission.READ_PROFILE
ADDED from src\main\AndroidManifest.xml:23:5-71
	android:name
		ADDED from src\main\AndroidManifest.xml:23:22-68
uses-permission#android.permission.READ_CONTACTS
ADDED from src\main\AndroidManifest.xml:24:5-72
	android:name
		ADDED from src\main\AndroidManifest.xml:24:22-69
uses-permission#android.permission.RECEIVE_BOOT_COMPLETED
ADDED from src\main\AndroidManifest.xml:25:5-81
	android:name
		ADDED from src\main\AndroidManifest.xml:25:22-78
application
ADDED from src\main\AndroidManifest.xml:27:5-84:19
MERGED from [com.android.support:support-v4:21.0.3] AndroidManifest.xml:16:5-19
MERGED from [com.android.support:appcompat-v7:21.0.3] AndroidManifest.xml:16:5-19
MERGED from [com.android.support:support-v4:21.0.3] AndroidManifest.xml:16:5-19
	android:label
		ADDED from src\main\AndroidManifest.xml:30:9-41
	android:allowBackup
		ADDED from src\main\AndroidManifest.xml:28:9-35
	android:icon
		ADDED from src\main\AndroidManifest.xml:29:9-38
	android:theme
		ADDED from src\main\AndroidManifest.xml:31:9-40
receiver#com.example.tp_mobile_v2.Receiver.OnAlarmReceive
ADDED from src\main\AndroidManifest.xml:32:9-61
	android:name
		ADDED from src\main\AndroidManifest.xml:32:19-58
receiver#com.example.tp_mobile_v2.Receiver.SampleBootReceiver
ADDED from src\main\AndroidManifest.xml:33:9-39:20
	android:enabled
		ADDED from src\main\AndroidManifest.xml:35:13-36
	android:name
		ADDED from src\main\AndroidManifest.xml:34:13-56
intent-filter#android.intent.action.BOOT_COMPLETED
ADDED from src\main\AndroidManifest.xml:36:13-38:29
action#android.intent.action.BOOT_COMPLETED
ADDED from src\main\AndroidManifest.xml:37:17-79
	android:name
		ADDED from src\main\AndroidManifest.xml:37:25-76
activity#com.example.tp_mobile_v2.MainActivity
ADDED from src\main\AndroidManifest.xml:41:9-49:20
	android:label
		ADDED from src\main\AndroidManifest.xml:43:13-45
	android:name
		ADDED from src\main\AndroidManifest.xml:42:13-41
intent-filter#android.intent.action.MAIN+android.intent.category.LAUNCHER
ADDED from src\main\AndroidManifest.xml:44:13-48:29
action#android.intent.action.MAIN
ADDED from src\main\AndroidManifest.xml:45:17-69
	android:name
		ADDED from src\main\AndroidManifest.xml:45:25-66
category#android.intent.category.LAUNCHER
ADDED from src\main\AndroidManifest.xml:47:17-77
	android:name
		ADDED from src\main\AndroidManifest.xml:47:27-74
activity#com.example.tp_mobile_v2.Login
ADDED from src\main\AndroidManifest.xml:50:9-53:20
	android:label
		ADDED from src\main\AndroidManifest.xml:52:13-57
	android:name
		ADDED from src\main\AndroidManifest.xml:51:13-34
activity#com.example.tp_mobile_v2.DSGroup
ADDED from src\main\AndroidManifest.xml:54:9-57:20
	android:label
		ADDED from src\main\AndroidManifest.xml:56:13-59
	android:name
		ADDED from src\main\AndroidManifest.xml:55:13-36
activity#com.example.tp_mobile_v2.DSReport
ADDED from src\main\AndroidManifest.xml:58:9-61:20
	android:label
		ADDED from src\main\AndroidManifest.xml:60:13-60
	android:name
		ADDED from src\main\AndroidManifest.xml:59:13-37
activity#com.example.tp_mobile_v2.Next
ADDED from src\main\AndroidManifest.xml:62:9-65:20
	android:label
		ADDED from src\main\AndroidManifest.xml:64:13-56
	android:name
		ADDED from src\main\AndroidManifest.xml:63:13-33
activity#com.example.tp_mobile_v2.Show_Detail_Report
ADDED from src\main\AndroidManifest.xml:66:9-69:20
	android:label
		ADDED from src\main\AndroidManifest.xml:68:13-72
	android:name
		ADDED from src\main\AndroidManifest.xml:67:13-47
activity#com.example.tp_mobile_v2.ShowParameter
ADDED from src\main\AndroidManifest.xml:70:9-73:20
	android:label
		ADDED from src\main\AndroidManifest.xml:72:13-66
	android:name
		ADDED from src\main\AndroidManifest.xml:71:13-42
activity#org.achartengine.GraphicalActivity
ADDED from src\main\AndroidManifest.xml:74:9-75:20
	android:name
		ADDED from src\main\AndroidManifest.xml:74:19-68
activity#com.example.tp_mobile_v2.DashBoard
ADDED from src\main\AndroidManifest.xml:76:9-79:20
	android:label
		ADDED from src\main\AndroidManifest.xml:78:13-62
	android:name
		ADDED from src\main\AndroidManifest.xml:77:13-38
activity#com.example.tp_mobile_v2.SetAlarmToRunReport
ADDED from src\main\AndroidManifest.xml:80:9-81:20
	android:name
		ADDED from src\main\AndroidManifest.xml:80:19-54
activity#com.example.tp_mobile_v2.ShowAlarm
ADDED from src\main\AndroidManifest.xml:82:9-83:20
	android:name
		ADDED from src\main\AndroidManifest.xml:82:19-44